[2025-05-30 18:18:25] User: SYSTEM | Action: BOT_START | Details: 
[2025-05-30 18:19:02] User: 7073749415 | Action: STATUS_CHECK | Details: 
[2025-05-30 18:19:11] User: 7073749415 | Action: MANUAL_BACKUP | Details: backups/manual_20250530_181911
[2025-05-30 18:35:06] User: SYSTEM | Action: BOT_START | Details: 
[2025-05-30 18:37:44] User: SYSTEM | Action: BOT_START | Details: 
[2025-05-30 18:38:42] User: 7073749415 | Action: CHATAI_START | Details: 
[2025-05-31 05:14:44] User: SYSTEM | Action: BOT_START | Details: 
[2025-05-31 05:15:08] User: 7073749415 | Action: CHATAI_START | Details: 
[2025-05-31 08:02:34] User: SYSTEM | Action: BOT_START | Details: 
[2025-05-31 08:03:04] User: 7073749415 | Action: CHATAI_START | Details: 
[2025-05-31 08:04:27] User: SYSTEM | Action: BOT_START | Details: 
[2025-05-31 08:05:01] User: 7073749415 | Action: CHATAI_START | Details: 
[2025-05-31 08:09:11] User: SYSTEM | Action: BOT_START | Details: 
[2025-05-31 08:14:47] User: SYSTEM | Action: BOT_START | Details: 
[2025-05-31 08:16:03] User: 7073749415 | Action: CHATAI_START | Details: 
[2025-05-31 08:21:05] User: 7073749415 | Action: CHATAI_START | Details: 
[2025-05-31 08:22:28] User: SYSTEM | Action: BOT_START | Details: 
[2025-05-31 08:23:41] User: SYSTEM | Action: BOT_START | Details: 
[2025-05-31 08:24:03] User: 7073749415 | Action: CHATAI_START | Details: 
[2025-05-31 09:14:40] User: SYSTEM | Action: BOT_START | Details: 
[2025-05-31 09:15:58] User: SYSTEM | Action: BOT_START | Details: 
[2025-05-31 09:17:54] User: SYSTEM | Action: BOT_START | Details: 
[2025-05-31 09:19:14] User: SYSTEM | Action: BOT_START | Details: 
[2025-05-31 09:20:06] User: SYSTEM | Action: BOT_START | Details: 
[2025-05-31 09:20:10] User: SYSTEM | Action: BOT_START | Details: 
[2025-05-31 09:21:01] User: 7073749415 | Action: CHATAI_START | Details: 
[2025-05-31 09:25:11] User: 7386902902 | Action: CHATAI_START | Details: 
[2025-05-31 11:17:07] User: SYSTEM | Action: BOT_START | Details: 
[2025-05-31 11:17:07] User: SYSTEM | Action: BOT_START | Details: 
[2025-05-31 11:18:41] User: 7073749415 | Action: CHATAI_START | Details: 
[2025-05-31 11:18:52] User: 7073749415 | Action: STATUS_CHECK | Details: 
[2025-05-31 11:24:41] User: 7073749415 | Action: STATUS_CHECK | Details: 
[2025-05-31 11:24:52] User: 7073749415 | Action: STATUS_CHECK | Details: 
[2025-05-31 12:11:35] User: SYSTEM | Action: BOT_START | Details: 
[2025-05-31 12:11:35] User: SYSTEM | Action: BOT_START | Details: 
[2025-05-31 12:11:36] User: 7073749415 | Action: CHATAI_START | Details: 
[2025-05-31 12:16:58] User: SYSTEM | Action: BOT_START | Details: 
[2025-05-31 12:16:58] User: SYSTEM | Action: BOT_START | Details: 
[2025-05-31 12:17:56] User: 7073749415 | Action: BROADCAST_MESSAGE | Details: Success: 2, Failed: 0
[2025-05-31 15:08:15] User: SYSTEM | Action: BOT_START | Details: 
[2025-05-31 15:08:15] User: SYSTEM | Action: BOT_START | Details: 
[2025-05-31 15:11:32] User: 7073749415 | Action: GRANT_PERMISSION | Details: 7444696176
[2025-05-31 15:13:14] User: 7444696176 | Action: CHATAI_START | Details: 
[2025-05-31 15:17:19] User: SYSTEM | Action: BOT_START | Details: 
[2025-05-31 15:17:19] User: SYSTEM | Action: BOT_START | Details: 
[2025-05-31 15:21:05] User: SYSTEM | Action: BOT_START | Details: 
[2025-05-31 15:21:05] User: SYSTEM | Action: BOT_START | Details: 
[2025-05-31 15:21:59] User: 7073749415 | Action: GRANT_PERMISSION | Details: 6480351477
[2025-05-31 15:23:06] User: SYSTEM | Action: BOT_START | Details: 
[2025-05-31 15:23:06] User: SYSTEM | Action: BOT_START | Details: 
[2025-05-31 15:27:14] User: SYSTEM | Action: BOT_START | Details: 
[2025-05-31 15:27:14] User: SYSTEM | Action: BOT_START | Details: 
[2025-05-31 15:30:51] User: 7073749415 | Action: GRANT_PERMISSION | Details: 6480351477
[2025-05-31 15:34:21] User: 7073749415 | Action: CHATAI_START | Details: 
[2025-05-31 15:37:27] User: 7073749415 | Action: START_BOT | Details: 
[2025-05-31 15:37:55] User: 7073749415 | Action: GRANT_PERMISSION | Details: 7386902902
[2025-05-31 15:43:15] User: SYSTEM | Action: BOT_START | Details: 
[2025-05-31 15:43:15] User: SYSTEM | Action: BOT_START | Details: 
[2025-05-31 15:49:41] User: 7444696176 | Action: CHATAI_START | Details: 
[2025-05-31 15:58:58] User: 7073749415 | Action: START_BOT | Details: 
[2025-05-31 16:09:02] User: 5416146404 | Action: START_BOT | Details: 
[2025-05-31 16:09:19] User: 5416146404 | Action: START_BOT | Details: 
[2025-05-31 16:38:46] User: 7073749415 | Action: CHATAI_START | Details: 
[2025-05-31 22:31:20] User: SYSTEM | Action: BOT_START | Details: 
[2025-05-31 22:31:20] User: SYSTEM | Action: BOT_START | Details: 
[2025-05-31 22:31:22] User: 7386902902 | Action: START_BOT | Details: 
[2025-05-31 22:31:22] User: 7073749415 | Action: CHATAI_START | Details: 
[2025-05-31 22:59:32] User: 7073749415 | Action: CHATAI_START | Details: 
[2025-05-31 23:24:30] User: 7073749415 | Action: CHATAI_START | Details: 
[2025-05-31 23:28:08] User: 7386902902 | Action: START_BOT | Details: 
[2025-05-31 23:28:13] User: 7386902902 | Action: CHATAI_START | Details: 
[2025-05-31 23:35:55] User: 6628250996 | Action: START_BOT | Details: 
[2025-06-01 00:09:32] User: SYSTEM | Action: BOT_START | Details: 
[2025-06-01 00:09:32] User: SYSTEM | Action: BOT_START | Details: 
[2025-06-01 00:52:24] User: 7073749415 | Action: CHATAI_START | Details: 
[2025-06-01 03:55:47] User: 7073749415 | Action: START_BOT | Details: 
[2025-06-01 04:03:51] User: 6548527691 | Action: START_BOT | Details: 
[2025-06-01 04:08:04] User: 7073749415 | Action: CHATAI_START | Details: 
[2025-06-01 04:28:44] User: 7444696176 | Action: CHATAI_START | Details: 
[2025-06-01 04:30:25] User: 7120058620 | Action: START_BOT | Details: 
[2025-06-01 04:32:37] User: 7444696176 | Action: CHATAI_START | Details: 
[2025-06-01 04:37:14] User: 5602865069 | Action: START_BOT | Details: 
[2025-06-01 04:37:35] User: 5602865069 | Action: START_BOT | Details: 
[2025-06-01 04:43:14] User: 6847683848 | Action: START_BOT | Details: 
[2025-06-01 04:47:17] User: 7073749415 | Action: START_BOT | Details: 
[2025-06-01 05:30:08] User: 7073749415 | Action: CHATAI_START | Details: 
[2025-06-01 05:34:17] User: 7073749415 | Action: BROADCAST_MESSAGE | Details: Success: 8, Failed: 0
[2025-06-01 05:53:43] User: 7073749415 | Action: MEMORY_CLEAR | Details: 
[2025-06-01 05:53:56] User: 7073749415 | Action: MANUAL_BACKUP | Details: backups/manual_20250601_055356
[2025-06-01 05:54:05] User: 7073749415 | Action: SYSTEM_INFO | Details: 
[2025-06-01 06:04:33] User: 7073749415 | Action: SYSTEM_INFO | Details: 
[2025-06-01 06:04:51] User: 7073749415 | Action: STATUS_CHECK | Details: 
[2025-06-01 06:05:20] User: 7073749415 | Action: CHATAI_START | Details: 
[2025-06-01 08:14:50] User: 6546836272 | Action: START_BOT | Details: 
[2025-06-01 08:50:33] User: 7073749415 | Action: CHATAI_START | Details: 
[2025-06-01 08:55:35] User: SYSTEM | Action: BOT_START | Details: 
[2025-06-01 08:55:35] User: SYSTEM | Action: BOT_START | Details: 
[2025-06-01 09:02:13] User: SYSTEM | Action: BOT_START | Details: 
[2025-06-01 09:02:13] User: SYSTEM | Action: BOT_START | Details: 
[2025-06-01 09:03:23] User: SYSTEM | Action: BOT_START | Details: 
[2025-06-01 09:03:23] User: SYSTEM | Action: BOT_START | Details: 
[2025-06-01 09:08:36] User: SYSTEM | Action: BOT_START | Details: 
[2025-06-01 09:08:36] User: SYSTEM | Action: BOT_START | Details: 
[2025-06-01 09:09:12] User: 7073749415 | Action: STATUS_CHECK | Details: 
[2025-06-01 09:09:51] User: 7073749415 | Action: CHATAI_START | Details: 
[2025-06-01 09:12:11] User: 7073749415 | Action: START_BOT | Details: 
[2025-06-01 09:12:19] User: 7073749415 | Action: GRANT_PERMISSION | Details: 6548527691
[2025-06-01 09:12:56] User: 7073749415 | Action: CHECK_USER_MESSAGES | Details: 7073749415
[2025-06-01 09:13:40] User: 6548527691 | Action: CHATAI_START | Details: 
[2025-06-01 09:32:24] User: SYSTEM | Action: BOT_START | Details: 
[2025-06-01 09:32:24] User: SYSTEM | Action: BOT_START | Details: 
[2025-06-01 09:41:02] User: SYSTEM | Action: BOT_START | Details: 
[2025-06-01 09:41:02] User: SYSTEM | Action: BOT_START | Details: 
[2025-06-01 09:41:34] User: 6548527691 | Action: CHATAI_START | Details: 
[2025-06-01 10:01:22] User: SYSTEM | Action: BOT_START | Details: 
[2025-06-01 10:01:22] User: SYSTEM | Action: BOT_START | Details: 
[2025-06-01 10:02:22] User: 7073749415 | Action: REVOKE_PERMISSION | Details: 6548527691 (Không có tên)
[2025-06-01 10:05:35] User: SYSTEM | Action: BOT_START | Details: 
[2025-06-01 10:05:35] User: SYSTEM | Action: BOT_START | Details: 
[2025-06-01 10:05:50] User: 7073749415 | Action: GRANT_PERMISSION | Details: 6548527691
[2025-06-01 10:06:27] User: 6548527691 | Action: CHATAI_START | Details: 
[2025-06-01 10:08:18] User: SYSTEM | Action: BOT_START | Details: 
[2025-06-01 10:08:18] User: SYSTEM | Action: BOT_START | Details: 
[2025-06-01 10:08:54] User: 6548527691 | Action: CHATAI_START | Details: 
[2025-06-01 17:11:31] User: SYSTEM | Action: BOT_START | Details: 
[2025-06-01 17:11:31] User: SYSTEM | Action: BOT_START | Details: 
[2025-06-01 17:12:44] User: 7073749415 | Action: REVOKE_PERMISSION | Details: 6548527691 (Không có tên)
[2025-06-01 19:13:33] User: SYSTEM | Action: BOT_START | Details: 
[2025-06-01 19:13:33] User: SYSTEM | Action: BOT_START | Details: 
[2025-06-01 19:15:08] User: SYSTEM | Action: BOT_START | Details: 
[2025-06-01 19:15:08] User: SYSTEM | Action: BOT_START | Details: 
[2025-06-01 19:19:43] User: SYSTEM | Action: BOT_START | Details: 
[2025-06-01 19:19:43] User: SYSTEM | Action: BOT_START | Details: 
[2025-06-01 19:23:19] User: SYSTEM | Action: BOT_START | Details: 
[2025-06-01 19:23:19] User: SYSTEM | Action: BOT_START | Details: 
[2025-06-01 19:28:29] User: SYSTEM | Action: BOT_START | Details: 
[2025-06-01 19:28:29] User: SYSTEM | Action: BOT_START | Details: 
[2025-06-01 19:29:29] User: SYSTEM | Action: BOT_START | Details: 
[2025-06-01 19:29:29] User: SYSTEM | Action: BOT_START | Details: 
[2025-06-01 19:33:52] User: SYSTEM | Action: BOT_START | Details: 
[2025-06-01 19:33:52] User: SYSTEM | Action: BOT_START | Details: 
[2025-06-01 19:41:16] User: SYSTEM | Action: BOT_START | Details: 
[2025-06-01 19:41:16] User: SYSTEM | Action: BOT_START | Details: 
[2025-06-01 19:46:37] User: 5478300957 | Action: START_BOT | Details: 
[2025-06-01 19:46:52] User: 5478300957 | Action: START_BOT | Details: 
[2025-06-01 19:46:59] User: SYSTEM | Action: BOT_START | Details: 
[2025-06-01 19:46:59] User: SYSTEM | Action: BOT_START | Details: 
[2025-06-01 19:53:58] User: 7651762204 | Action: START_BOT | Details: 
[2025-06-01 19:54:31] User: 7651762204 | Action: START_BOT | Details: 
[2025-06-01 20:00:40] User: SYSTEM | Action: BOT_START | Details: 
[2025-06-01 20:00:40] User: SYSTEM | Action: BOT_START | Details: 
[2025-06-01 20:01:39] User: 7073749415 | Action: GRANT_TEST_PERMISSION | Details: 6548527691 - 1 messages
[2025-06-01 20:01:57] User: 6548527691 | Action: CHATAI_START | Details: 
[2025-06-01 20:02:46] User: 7961760473 | Action: START_BOT | Details: 
[2025-06-01 20:10:49] User: 6031862760 | Action: START_BOT | Details: 
[2025-06-01 20:21:16] User: SYSTEM | Action: BOT_START | Details: 
[2025-06-01 20:21:16] User: SYSTEM | Action: BOT_START | Details: 
[2025-06-01 20:23:05] User: 7073749415 | Action: GRANT_TEST_PERMISSION | Details: 6548527691 - 5 messages
[2025-06-01 20:23:20] User: 6548527691 | Action: CHATAI_START | Details: 
[2025-06-01 20:27:06] User: SYSTEM | Action: BOT_START | Details: 
[2025-06-01 20:27:06] User: SYSTEM | Action: BOT_START | Details: 
[2025-06-01 20:27:51] User: 7073749415 | Action: GRANT_TEST_PERMISSION | Details: 6548527691 - 5 messages
[2025-06-01 20:28:05] User: 6548527691 | Action: CHATAI_START | Details: 
[2025-06-01 20:30:51] User: 7073749415 | Action: GRANT_TEST_PERMISSION | Details: 6548527691 - 1 messages
[2025-06-01 20:31:04] User: 6548527691 | Action: CHATAI_START | Details: 
[2025-06-01 20:33:42] User: SYSTEM | Action: BOT_START | Details: 
[2025-06-01 20:33:42] User: SYSTEM | Action: BOT_START | Details: 
[2025-06-01 20:39:37] User: 7073749415 | Action: GRANT_TEST_PERMISSION | Details: 6548527691 - 1 messages
[2025-06-01 20:40:04] User: 6548527691 | Action: CHATAI_START | Details: 
[2025-06-01 20:51:43] User: SYSTEM | Action: BOT_START | Details: 
[2025-06-01 20:51:43] User: SYSTEM | Action: BOT_START | Details: 
[2025-06-01 20:51:50] User: 6031862760 | Action: CHECK_STATS | Details: 
[2025-06-01 20:52:40] User: 7073749415 | Action: GRANT_TEST_PERMISSION | Details: 6548527691 - 1 messages
[2025-06-01 20:52:53] User: 6548527691 | Action: CHATAI_START | Details: 
[2025-06-01 20:57:29] User: SYSTEM | Action: BOT_START | Details: 
[2025-06-01 20:57:29] User: SYSTEM | Action: BOT_START | Details: 
[2025-06-01 20:57:45] User: 7073749415 | Action: GRANT_TEST_PERMISSION | Details: 6548527691 - 1 messages
[2025-06-01 20:57:55] User: 6548527691 | Action: CHATAI_START | Details: 
[2025-06-01 20:58:30] User: 7073749415 | Action: GRANT_TEST_PERMISSION | Details: 6548527691 - 1 messages
[2025-06-01 20:58:39] User: 7073749415 | Action: REMOVE_TEST_PERMISSION | Details: 6548527691
[2025-06-01 21:02:39] User: SYSTEM | Action: BOT_START | Details: 
[2025-06-01 21:02:39] User: SYSTEM | Action: BOT_START | Details: 
[2025-06-01 21:38:31] User: SYSTEM | Action: BOT_START | Details: 
[2025-06-01 21:38:31] User: SYSTEM | Action: BOT_START | Details: 
[2025-06-01 21:39:01] User: 7073749415 | Action: CHATAI_START | Details: 
[2025-06-01 21:42:48] User: SYSTEM | Action: BOT_START | Details: 
[2025-06-01 21:42:48] User: SYSTEM | Action: BOT_START | Details: 
[2025-06-01 21:43:26] User: SYSTEM | Action: BOT_START | Details: 
[2025-06-01 21:43:26] User: SYSTEM | Action: BOT_START | Details: 
[2025-06-01 21:43:28] User: 7073749415 | Action: CHATAI_START | Details: 
[2025-06-01 21:45:56] User: SYSTEM | Action: BOT_START | Details: 
[2025-06-01 21:45:56] User: SYSTEM | Action: BOT_START | Details: 
[2025-06-01 21:46:48] User: SYSTEM | Action: BOT_START | Details: 
[2025-06-01 21:46:48] User: SYSTEM | Action: BOT_START | Details: 
[2025-06-01 21:47:55] User: 7073749415 | Action: CHATAI_START | Details: 
[2025-06-01 21:52:29] User: SYSTEM | Action: BOT_START | Details: 
[2025-06-01 21:52:29] User: SYSTEM | Action: BOT_START | Details: 
[2025-06-01 21:52:51] User: 7073749415 | Action: GRANT_TEST_ALL | Details: Success: 11, Failed: 0
[2025-06-01 21:53:00] User: 7651762204 | Action: START_BOT | Details: 
[2025-06-01 21:53:09] User: 7651762204 | Action: START_BOT | Details: 
[2025-06-01 21:53:27] User: 7651762204 | Action: START_BOT | Details: 
[2025-06-01 21:55:23] User: 7073749415 | Action: CHATAI_START | Details: 
[2025-06-01 22:02:46] User: 7073749415 | Action: GRANT_PERMISSION | Details: 7952882415
[2025-06-01 22:29:46] User: 7073749415 | Action: CHATAI_START | Details: 
[2025-06-01 22:37:21] User: 6031862760 | Action: CHECK_STATS | Details: 
[2025-06-01 22:43:07] User: 6587891812 | Action: START_BOT | Details: 
[2025-06-01 22:49:47] User: 6587891812 | Action: CHECK_STATS | Details: 
[2025-06-01 22:49:48] User: 5470321108 | Action: START_BOT | Details: 
[2025-06-01 22:50:10] User: 7444696176 | Action: NEWS_CHECK | Details: 
[2025-06-01 22:50:15] User: 7073749415 | Action: GRANT_TEST_PERMISSION | Details: 6587891812 - 5 messages
[2025-06-01 22:50:28] User: 5470321108 | Action: CHECK_STATS | Details: 
[2025-06-01 22:50:41] User: 7073749415 | Action: GRANT_TEST_PERMISSION | Details: 5470321108 - 5 messages
[2025-06-01 22:50:42] User: 5470321108 | Action: CHATAI_START | Details: 
[2025-06-01 22:51:05] User: 7444696176 | Action: BROADCAST_MESSAGE | Details: Success: 16, Failed: 0
[2025-06-01 22:52:28] User: 5470321108 | Action: CHECK_STATS | Details: 
[2025-06-01 22:53:58] User: 5253329101 | Action: START_BOT | Details: 
[2025-06-01 22:56:03] User: 5253329101 | Action: CHECK_STATS | Details: 
[2025-06-01 22:56:22] User: 7073749415 | Action: GRANT_TEST_PERMISSION | Details: 5253329101 - 5 messages
[2025-06-01 22:58:21] User: SYSTEM | Action: BOT_START | Details: 
[2025-06-01 22:58:21] User: SYSTEM | Action: BOT_START | Details: 
[2025-06-01 22:59:39] User: 5253329101 | Action: CHECK_STATS | Details: 
[2025-06-01 23:02:47] User: 5253329101 | Action: CHECK_STATS | Details: 
[2025-06-01 23:03:25] User: 7073749415 | Action: GRANT_TEST_ALL | Details: Success: 14, Failed: 0
[2025-06-01 23:04:21] User: 6904634367 | Action: START_BOT | Details: 
[2025-06-01 23:05:45] User: 6628250996 | Action: CHATAI_START | Details: 
[2025-06-01 23:12:26] User: 7444696176 | Action: BROADCAST_MESSAGE | Details: Success: 18, Failed: 0
[2025-06-01 23:16:59] User: 6817969248 | Action: START_BOT | Details: 
[2025-06-01 23:17:27] User: 6817969248 | Action: START_BOT | Details: 
[2025-06-01 23:44:58] User: 6847683848 | Action: CHATAI_START | Details: 
[2025-06-02 00:30:24] User: 7444696176 | Action: CHATAI_START | Details: 
[2025-06-02 02:21:40] User: 7271230624 | Action: START_BOT | Details: 
[2025-06-02 02:30:49] User: 5253329101 | Action: CHATAI_START | Details: 
[2025-06-02 06:12:40] User: 7271230624 | Action: CHECK_STATS | Details: 
[2025-06-02 06:13:29] User: 7073749415 | Action: GRANT_TEST_ALL | Details: Success: 3, Failed: 0
[2025-06-02 06:14:11] User: 7073749415 | Action: GRANT_TEST_PERMISSION | Details: 6904634367 - 5 messages
[2025-06-02 06:14:26] User: 7073749415 | Action: GRANT_TEST_PERMISSION | Details: 6817969248 - 5 messages
[2025-06-02 06:14:41] User: 7073749415 | Action: GRANT_TEST_PERMISSION | Details: 7271230624 - 5 messages
[2025-06-02 06:16:19] User: 7073749415 | Action: CHATAI_START | Details: 
[2025-06-02 06:19:58] User: 7073749415 | Action: REVOKE_PERMISSION | Details: 6480351477 (Không có tên)
[2025-06-02 06:22:35] User: 7271230624 | Action: CHECK_STATS | Details: 
[2025-06-02 06:43:11] User: 7271230624 | Action: CHECK_STATS | Details: 
[2025-06-02 06:47:09] User: 7271230624 | Action: CHECK_STATS | Details: 
[2025-06-02 06:50:15] User: SYSTEM | Action: BOT_START | Details: 
[2025-06-02 06:50:15] User: SYSTEM | Action: BOT_START | Details: 
[2025-06-02 06:51:27] User: 7271230624 | Action: CHECK_STATS | Details: 
[2025-06-02 06:53:00] User: 7073749415 | Action: CHATAI_START | Details: 
[2025-06-02 06:54:58] User: SYSTEM | Action: BOT_START | Details: 
[2025-06-02 06:54:58] User: SYSTEM | Action: BOT_START | Details: 
[2025-06-02 06:55:01] User: 7073749415 | Action: CHATAI_START | Details: 
[2025-06-02 06:58:21] User: SYSTEM | Action: BOT_START | Details: 
[2025-06-02 06:58:21] User: SYSTEM | Action: BOT_START | Details: 
[2025-06-02 06:58:35] User: 7073749415 | Action: CHATAI_START | Details: 
[2025-06-02 07:09:49] User: 7073749415 | Action: CHATAI_START | Details: 
[2025-06-02 07:12:27] User: SYSTEM | Action: BOT_START | Details: 
[2025-06-02 07:12:27] User: SYSTEM | Action: BOT_START | Details: 
[2025-06-02 07:12:48] User: SYSTEM | Action: BOT_START | Details: 
[2025-06-02 07:12:48] User: SYSTEM | Action: BOT_START | Details: 
[2025-06-02 07:24:56] User: 7271230624 | Action: CHECK_STATS | Details: 
[2025-06-02 07:37:02] User: 7271230624 | Action: CHECK_STATS | Details: 
[2025-06-02 08:32:31] User: 7271230624 | Action: CHECK_STATS | Details: 
[2025-06-02 08:39:55] User: 7271230624 | Action: CHECK_STATS | Details: 
[2025-06-02 09:01:52] User: 7271230624 | Action: CHECK_STATS | Details: 
[2025-06-02 09:16:17] User: 7271230624 | Action: CHECK_STATS | Details: 
[2025-06-02 09:19:28] User: 7271230624 | Action: CHECK_STATS | Details: 
[2025-06-02 09:20:13] User: 6507934269 | Action: START_BOT | Details: 
[2025-06-02 09:22:10] User: 6507934269 | Action: CHECK_STATS | Details: 
[2025-06-02 09:22:26] User: 7073749415 | Action: GRANT_TEST_PERMISSION | Details: 6507934269 - 5 messages
[2025-06-02 09:22:40] User: 6507934269 | Action: CHECK_STATS | Details: 
[2025-06-02 09:23:51] User: 7073749415 | Action: GRANT_TEST_PERMISSION | Details: 6548527691 - 5 messages
[2025-06-02 09:24:11] User: 6548527691 | Action: CHATAI_START | Details: 
[2025-06-02 09:32:33] User: 6507934269 | Action: CHECK_STATS | Details: 
[2025-06-02 09:50:34] User: 6507934269 | Action: CHECK_STATS | Details: 
[2025-06-02 11:00:53] User: 2079449654 | Action: START_BOT | Details: 
[2025-06-02 11:13:03] User: 2079449654 | Action: CHECK_STATS | Details: 
[2025-06-02 11:13:29] User: 7073749415 | Action: GRANT_TEST_PERMISSION | Details: 2079449654 - 5 messages
[2025-06-02 20:08:03] User: SYSTEM | Action: BOT_START | Details: 
[2025-06-02 20:08:03] User: SYSTEM | Action: BOT_START | Details: 
[2025-06-02 20:08:15] User: 7073749415 | Action: CHATAI_START | Details: 
[2025-06-02 20:16:37] User: SYSTEM | Action: BOT_START | Details: 
[2025-06-02 20:16:37] User: SYSTEM | Action: BOT_START | Details: 
[2025-06-02 20:20:30] User: SYSTEM | Action: BOT_START | Details: 
[2025-06-02 20:20:30] User: SYSTEM | Action: BOT_START | Details: 
[2025-06-02 20:27:52] User: SYSTEM | Action: BOT_START | Details: 
[2025-06-02 20:27:52] User: SYSTEM | Action: BOT_START | Details: 
[2025-06-02 20:29:37] User: 7073749415 | Action: MONITOR_USERS | Details: 
[2025-06-02 20:32:03] User: 2079449654 | Action: CHECK_STATS | Details: 
[2025-06-02 20:32:13] User: 7073749415 | Action: SECURITY_SCAN | Details: Alerts: 0, Warnings: 0
[2025-06-02 20:32:45] User: 7073749415 | Action: USER_PROFILE | Details: 2079449654
[2025-06-02 20:36:47] User: SYSTEM | Action: BOT_START | Details: 
[2025-06-02 20:36:47] User: SYSTEM | Action: BOT_START | Details: 
[2025-06-02 20:37:56] User: SYSTEM | Action: BOT_START | Details: 
[2025-06-02 20:37:56] User: SYSTEM | Action: BOT_START | Details: 
[2025-06-02 20:41:35] User: 7073749415 | Action: QUANTUM_ADMIN_ACCESS | Details: 
[2025-06-02 20:47:10] User: SYSTEM | Action: BOT_START | Details: 
[2025-06-02 20:47:10] User: SYSTEM | Action: BOT_START | Details: 
[2025-06-02 20:47:51] User: SYSTEM | Action: BOT_START | Details: 
[2025-06-02 20:47:51] User: SYSTEM | Action: BOT_START | Details: 
[2025-06-02 20:54:01] User: SYSTEM | Action: BOT_START | Details: 
[2025-06-02 20:54:01] User: SYSTEM | Action: BOT_START | Details: 
[2025-06-02 20:56:43] User: SYSTEM | Action: BOT_START | Details: 
[2025-06-02 20:56:43] User: SYSTEM | Action: BOT_START | Details: 
[2025-06-02 21:17:04] User: SYSTEM | Action: BOT_START | Details: 
[2025-06-02 21:17:04] User: SYSTEM | Action: BOT_START | Details: 
[2025-06-02 21:18:04] User: 7444696176 | Action: CHATAI_START | Details: 
[2025-06-02 21:18:35] User: 7073749415 | Action: ADMIN_PANEL | Details: 
[2025-06-02 21:18:39] User: 7073749415 | Action: ADMIN_TOOLS_MENU | Details: 
[2025-06-02 21:19:16] User: 2079449654 | Action: CHECK_STATS | Details: 
[2025-06-02 21:19:31] User: 7073749415 | Action: START_ANONYMOUS_CHAT | Details: 7444696176
[2025-06-02 21:19:38] User: 7073749415 | Action: ANONYMOUS_CHAT_SEND | Details: To 7444696176: thằng han ngu vc...
[2025-06-02 21:19:42] User: 7073749415 | Action: ANONYMOUS_CHAT_SEND | Details: To 7444696176: han óc cặc...
[2025-06-02 21:19:47] User: 7073749415 | Action: ANONYMOUS_CHAT_SEND | Details: To 7444696176: han đầu buồi...
[2025-06-02 21:20:06] User: 7073749415 | Action: ANONYMOUS_CHAT_SEND | Details: To 7444696176: Zyah king chửi thẳng họng mày...
[2025-06-02 21:20:09] User: 7073749415 | Action: END_ANONYMOUS_CHAT | Details: 7444696176
[2025-06-02 21:20:42] User: 7073749415 | Action: START_ANONYMOUS_CHAT | Details: 6548527691
[2025-06-02 21:20:47] User: 7073749415 | Action: ANONYMOUS_CHAT_SEND | Details: To 6548527691: allo thằng ngu...
[2025-06-02 21:22:24] User: 7073749415 | Action: END_ANONYMOUS_CHAT | Details: 6548527691
[2025-06-02 21:22:52] User: 7073749415 | Action: MONITOR_USERS | Details: 
[2025-06-02 21:23:21] User: 7073749415 | Action: START_ANONYMOUS_CHAT | Details: 7444696176
[2025-06-02 21:23:27] User: 7073749415 | Action: ANONYMOUS_CHAT_SEND | Details: To 7444696176: han bú buoi nhay...
[2025-06-02 21:23:32] User: 7073749415 | Action: END_ANONYMOUS_CHAT | Details: 7444696176
[2025-06-02 21:24:18] User: 7073749415 | Action: USER_PROFILE | Details: 7444696176
[2025-06-02 21:25:05] User: SYSTEM | Action: BOT_START | Details: 
[2025-06-02 21:25:05] User: SYSTEM | Action: BOT_START | Details: 
[2025-06-02 21:25:13] User: SYSTEM | Action: BOT_START | Details: 
[2025-06-02 21:25:13] User: SYSTEM | Action: BOT_START | Details: 
[2025-06-02 21:27:10] User: SYSTEM | Action: BOT_START | Details: 
[2025-06-02 21:27:10] User: SYSTEM | Action: BOT_START | Details: 
[2025-06-02 21:29:23] User: 7073749415 | Action: GRANT_TEST_ALL | Details: Success: 19, Failed: 0
[2025-06-02 21:29:34] User: 7444696176 | Action: CHATAI_START | Details: 
[2025-06-02 21:30:09] User: 2079449654 | Action: CHECK_STATS | Details: 
[2025-06-02 21:30:30] User: 7073749415 | Action: MONITOR_USERS | Details: 
[2025-06-02 21:30:51] User: 7073749415 | Action: USER_PROFILE | Details: 7444696176
[2025-06-02 21:30:57] User: 7073749415 | Action: MONITOR_USERS | Details: 
[2025-06-02 21:31:15] User: 7073749415 | Action: CHECK_USER_MESSAGES | Details: 7444696176
[2025-06-02 21:32:03] User: 7073749415 | Action: MONITOR_USERS | Details: 
[2025-06-02 21:32:52] User: 7073749415 | Action: MONITOR_USERS | Details: 
[2025-06-02 21:33:07] User: 2079449654 | Action: CHECK_STATS | Details: 
[2025-06-02 21:33:32] User: 7073749415 | Action: CHATAI_START | Details: 
[2025-06-02 21:46:11] User: SYSTEM | Action: BOT_START | Details: 
[2025-06-02 21:46:11] User: SYSTEM | Action: BOT_START | Details: 
[2025-06-02 21:47:08] User: 7073749415 | Action: ADMIN_DETAILED_STATS | Details: 
[2025-06-02 21:47:17] User: 7073749415 | Action: ADMIN_TOOLS_MENU | Details: 
[2025-06-02 22:15:16] User: 1386820900 | Action: START_BOT | Details: 
[2025-06-02 22:27:27] User: SYSTEM | Action: BOT_START | Details: 
[2025-06-02 22:27:27] User: SYSTEM | Action: BOT_START | Details: 
[2025-06-02 22:28:04] User: 7444696176 | Action: CHATAI_START | Details: 
[2025-06-02 22:29:42] User: 7073749415 | Action: ADMIN_PANEL | Details: 
[2025-06-02 22:30:01] User: 1386820900 | Action: CHECK_STATS | Details: 
[2025-06-02 22:30:46] User: 7073749415 | Action: GRANT_TEST_ALL | Details: Success: 20, Failed: 0
[2025-06-02 22:31:21] User: 7073749415 | Action: CHECK_USER_MESSAGES | Details: 7444696176
[2025-06-02 22:31:55] User: 6587891812 | Action: CHATAI_START | Details: 
[2025-06-02 22:32:50] User: 7073749415 | Action: CHATAI_START | Details: 
[2025-06-02 22:36:46] User: 6904634367 | Action: CHATAI_START | Details: 
[2025-06-02 22:39:15] User: 7073749415 | Action: MONITOR_USERS | Details: 
[2025-06-02 22:39:38] User: 7073749415 | Action: USER_PROFILE | Details: 6904634367
[2025-06-02 22:40:00] User: 7073749415 | Action: CHECK_USER_MESSAGES | Details: 6904634367
[2025-06-02 22:40:28] User: 7073749415 | Action: CHECK_USER_MESSAGES | Details: 7073749415
[2025-06-02 22:41:40] User: 7073749415 | Action: CHECK_USER_MESSAGES | Details: 6904634367
[2025-06-02 22:42:28] User: 7073749415 | Action: CHECK_USER_MESSAGES | Details: 6904634367
[2025-06-02 22:42:54] User: 1386820900 | Action: CHECK_STATS | Details: 
[2025-06-02 22:43:31] User: 7073749415 | Action: MONITOR_USERS | Details: 
[2025-06-02 22:44:03] User: 7073749415 | Action: USER_PROFILE | Details: 6587891812
[2025-06-02 22:44:32] User: 7073749415 | Action: CHECK_USER_MESSAGES | Details: 6904634367
[2025-06-02 22:45:03] User: 6548527691 | Action: CHATAI_START | Details: 
[2025-06-02 22:47:22] User: 7073749415 | Action: MONITOR_USERS | Details: 
[2025-06-02 22:48:11] User: 7073749415 | Action: CHECK_USER_MESSAGES | Details: 6904634367
[2025-06-02 22:49:59] User: 7073749415 | Action: MONITOR_USERS | Details: 
[2025-06-02 22:52:54] User: 6548527691 | Action: CHATAI_START | Details: 
[2025-06-02 22:53:41] User: 7073749415 | Action: CHATAI_START | Details: 
[2025-06-02 22:55:10] User: 7073749415 | Action: MONITOR_USERS | Details: 
[2025-06-02 22:56:32] User: 7073749415 | Action: BLACKLIST_USER | Details: 6548527691
[2025-06-02 22:57:35] User: 7073749415 | Action: UNBLACKLIST_USER | Details: 6548527691
[2025-06-02 22:58:28] User: 7073749415 | Action: START_BOT | Details: 
[2025-06-02 22:58:40] User: 7073749415 | Action: CHATAI_START | Details: 
[2025-06-02 23:00:01] User: 7188105975 | Action: START_BOT | Details: 
[2025-06-02 23:00:45] User: 7073749415 | Action: START_BOT | Details: 
[2025-06-02 23:00:46] User: 7073749415 | Action: START_BOT | Details: 
[2025-06-02 23:01:01] User: 7188105975 | Action: CHECK_STATS | Details: 
[2025-06-02 23:01:21] User: 7073749415 | Action: GRANT_TEST_PERMISSION | Details: 7188105975 - 5 messages
[2025-06-02 23:01:41] User: 7073749415 | Action: USER_PROFILE | Details: 7188105975
[2025-06-02 23:02:16] User: 7073749415 | Action: MONITOR_USERS | Details: 
[2025-06-02 23:02:41] User: 7188105975 | Action: CHATAI_START | Details: 
[2025-06-02 23:02:42] User: 5653081723 | Action: START_BOT | Details: 
[2025-06-02 23:02:44] User: 5187721386 | Action: START_BOT | Details: 
[2025-06-02 23:02:51] User: 5653081723 | Action: START_BOT | Details: 
[2025-06-02 23:05:02] User: 7073749415 | Action: MONITOR_USERS | Details: 
[2025-06-02 23:05:25] User: 7073749415 | Action: CHECK_USER_MESSAGES | Details: 7188105975
[2025-06-02 23:05:44] User: 6881590208 | Action: START_BOT | Details: 
[2025-06-02 23:06:16] User: 7073749415 | Action: START_ANONYMOUS_CHAT | Details: 7188105975
[2025-06-02 23:06:21] User: 7073749415 | Action: ANONYMOUS_CHAT_SEND | Details: To 7188105975: set con cac dit me may...
[2025-06-02 23:06:30] User: 7073749415 | Action: END_ANONYMOUS_CHAT | Details: 7188105975
[2025-06-02 23:07:24] User: 6847683848 | Action: CHATAI_START | Details: 
[2025-06-02 23:09:22] User: 7073749415 | Action: MONITOR_USERS | Details: 
[2025-06-02 23:09:32] User: 7073749415 | Action: CHECK_USER_MESSAGES | Details: 6847683848
[2025-06-02 23:10:14] User: 7073749415 | Action: START_ANONYMOUS_CHAT | Details: 6847683848
[2025-06-02 23:10:16] User: 7073749415 | Action: ANONYMOUS_CHAT_SEND | Details: To 6847683848: ngu câm...
[2025-06-02 23:10:24] User: 7073749415 | Action: END_ANONYMOUS_CHAT | Details: 6847683848
[2025-06-02 23:12:05] User: SYSTEM | Action: BOT_START | Details: 
[2025-06-02 23:12:05] User: SYSTEM | Action: BOT_START | Details: 
[2025-06-02 23:12:07] User: 7073749415 | Action: MONITOR_USERS | Details: 
[2025-06-02 23:12:07] User: 7073749415 | Action: MONITOR_USERS | Details: 
[2025-06-02 23:13:07] User: 7073749415 | Action: CHATAI_START | Details: 
[2025-06-02 23:29:17] User: 7073749415 | Action: GRANT_TEST_PERMISSION | Details: 5653081723 - 15 messages
[2025-06-02 23:35:53] User: 7952882415 | Action: CHATAI_START | Details: 
[2025-06-02 23:38:39] User: 7073749415 | Action: MONITOR_USERS | Details: 
[2025-06-02 23:38:57] User: 7073749415 | Action: CHECK_USER_MESSAGES | Details: 7952882415
[2025-06-02 23:39:34] User: 7073749415 | Action: CHECK_USER_MESSAGES | Details: 7073749415
[2025-06-02 23:41:46] User: 7073749415 | Action: CHECK_USER_MESSAGES | Details: 7952882415
[2025-06-02 23:43:29] User: 7073749415 | Action: CHECK_USER_MESSAGES | Details: 7952882415
[2025-06-02 23:44:04] User: 7073749415 | Action: CHATAI_START | Details: 
[2025-06-02 23:44:50] User: 7073749415 | Action: MONITOR_USERS | Details: 
[2025-06-02 23:52:39] User: 7073749415 | Action: CHATAI_START | Details: 
[2025-06-03 00:02:12] User: 7073749415 | Action: GRANT_PERMISSION | Details: 8114040731
[2025-06-03 00:05:46] User: 7073749415 | Action: MONITOR_USERS | Details: 
[2025-06-03 00:07:14] User: 8114040731 | Action: CHATAI_START | Details: 
[2025-06-03 00:12:08] User: 6881590208 | Action: CHECK_STATS | Details: 
[2025-06-03 00:15:34] User: 7073749415 | Action: MONITOR_USERS | Details: 
[2025-06-03 00:15:50] User: 7073749415 | Action: CHECK_USER_MESSAGES | Details: 8114040731
[2025-06-03 00:19:38] User: 7073749415 | Action: CHECK_USER_MESSAGES | Details: 8114040731
[2025-06-03 00:31:09] User: 7073749415 | Action: CHECK_USER_MESSAGES | Details: 8114040731
[2025-06-03 00:33:37] User: 7073749415 | Action: CHECK_USER_MESSAGES | Details: 8114040731
[2025-06-03 01:16:23] User: 7073749415 | Action: CHECK_USER_MESSAGES | Details: 8114040731
[2025-06-03 01:25:01] User: 5447680588 | Action: START_BOT | Details: 
[2025-06-03 06:56:13] User: 7073749415 | Action: GRANT_TEST_ALL | Details: Success: 24, Failed: 0
[2025-06-03 07:07:49] User: 7073749415 | Action: MONITOR_USERS | Details: 
[2025-06-03 07:07:56] User: 7073749415 | Action: MONITOR_USERS | Details: 
[2025-06-03 07:08:29] User: 6881590208 | Action: CHATAI_START | Details: 
[2025-06-03 07:13:48] User: 7073749415 | Action: MONITOR_USERS | Details: 
[2025-06-03 07:14:09] User: 7073749415 | Action: CHECK_USER_MESSAGES | Details: 6881590208
[2025-06-03 07:14:49] User: 7073749415 | Action: START_ANONYMOUS_CHAT | Details: 6881590208
[2025-06-03 07:15:03] User: 7073749415 | Action: END_ANONYMOUS_CHAT | Details: 6881590208
[2025-06-03 07:15:24] User: 7073749415 | Action: BLACKLIST_USER | Details: 6881590208
[2025-06-03 07:16:11] User: 7073749415 | Action: USER_PROFILE | Details: 6881590208
[2025-06-03 07:16:53] User: 7073749415 | Action: CHATAI_START | Details: 
[2025-06-03 07:40:11] User: 7073749415 | Action: GRANT_TEST_PERMISSION | Details: 5882988919 - 5 messages
[2025-06-03 07:41:22] User: 7073749415 | Action: MONITOR_USERS | Details: 
[2025-06-03 07:43:43] User: 5882988919 | Action: START_BOT | Details: 
[2025-06-03 07:43:48] User: 5882988919 | Action: CHATAI_START | Details: 
[2025-06-03 07:49:52] User: 7073749415 | Action: MONITOR_USERS | Details: 
[2025-06-03 07:50:10] User: 7073749415 | Action: USER_PROFILE | Details: 5882988919
[2025-06-03 08:34:48] User: 7073749415 | Action: MONITOR_USERS | Details: 
[2025-06-03 09:19:27] User: 7073749415 | Action: MONITOR_USERS | Details: 
[2025-06-03 10:43:05] User: 7073749415 | Action: ADVANCED_ADMIN_ACCESS | Details: 
[2025-06-03 12:00:36] User: 5431073740 | Action: START_BOT | Details: 
[2025-06-03 12:26:09] User: 7073749415 | Action: MONITOR_USERS | Details: 
[2025-06-03 12:26:19] User: 7073749415 | Action: CHATAI_START | Details: 
[2025-06-03 17:22:13] User: 5253329101 | Action: CHATAI_START | Details: 
[2025-06-03 18:28:14] User: 5830594121 | Action: START_BOT | Details: 
[2025-06-03 18:38:44] User: 6817969248 | Action: CHATAI_START | Details: 
[2025-06-03 20:05:59] User: 7073749415 | Action: CHATAI_START | Details: 
[2025-06-03 22:12:48] User: 7073749415 | Action: MONITOR_USERS | Details: 
[2025-06-03 22:13:04] User: 7073749415 | Action: CHECK_USER_MESSAGES | Details: 6817969248
[2025-06-03 22:13:17] User: 7073749415 | Action: CHECK_USER_MESSAGES | Details: 5253329101
[2025-06-03 22:13:45] User: 7073749415 | Action: USER_PROFILE | Details: 5253329101
[2025-06-03 22:14:06] User: 7073749415 | Action: CHECK_USER_MESSAGES | Details: 5253329101
[2025-06-03 22:36:51] User: 6904634367 | Action: CHATAI_START | Details: 
[2025-06-03 22:37:29] User: 7073749415 | Action: CHATAI_START | Details: 
[2025-06-03 22:38:34] User: 6341717352 | Action: START_BOT | Details: 
[2025-06-03 23:09:04] User: 5253329101 | Action: CHATAI_START | Details: 
